{"contracts/SmartContract.sol":{"l":{"37":0,"38":0,"40":0,"44":0,"45":0,"47":0,"50":0,"52":0,"54":0,"55":0,"56":0,"57":0,"61":0,"65":0,"67":0,"69":0,"70":0,"73":0,"74":0,"75":0,"76":0,"77":0,"78":0,"79":0,"80":0,"81":0,"84":0,"88":0,"92":0,"96":0,"106":0,"110":0},"path":"/Users/blockchain/TAMATAR/BLOCKCHAIN/truffle-webapp/contracts/SmartContract.sol","s":{"1":0,"2":0,"3":0,"4":0,"5":0,"6":0,"7":0,"8":0,"9":0,"10":0,"11":0,"12":0,"13":0,"14":0,"15":0,"16":0,"17":0,"18":0,"19":0,"20":0,"21":0,"22":0,"23":0,"24":0,"25":0,"26":0,"27":0,"28":0,"29":0,"30":0,"31":0,"32":0},"b":{"1":[0,0],"2":[0,0],"3":[0,0],"4":[0,0],"5":[0,0]},"f":{"1":0,"2":0,"3":0,"4":0,"5":0,"6":0,"7":0,"8":0,"9":0,"10":0,"11":0},"fnMap":{"1":{"name":"checkUserExistEmail","line":36,"loc":{"start":{"line":36,"column":4},"end":{"line":41,"column":4}}},"2":{"name":"verifyPdfHash","line":43,"loc":{"start":{"line":43,"column":4},"end":{"line":48,"column":4}}},"3":{"name":"register","line":49,"loc":{"start":{"line":49,"column":4},"end":{"line":58,"column":4}}},"4":{"name":"getInfo","line":60,"loc":{"start":{"line":60,"column":4},"end":{"line":62,"column":4}}},"5":{"name":"addPdfTxn","line":64,"loc":{"start":{"line":64,"column":5},"end":{"line":82,"column":4}}},"6":{"name":"getPDFList","line":83,"loc":{"start":{"line":83,"column":4},"end":{"line":85,"column":4}}},"7":{"name":"getPDFListBytes","line":87,"loc":{"start":{"line":87,"column":4},"end":{"line":89,"column":4}}},"8":{"name":"getPdfHashes","line":91,"loc":{"start":{"line":91,"column":4},"end":{"line":93,"column":4}}},"9":{"name":"getCompanyDetails","line":95,"loc":{"start":{"line":95,"column":4},"end":{"line":103,"column":4}}},"10":{"name":"sendFoo","line":105,"loc":{"start":{"line":105,"column":4},"end":{"line":108,"column":4}}},"11":{"name":"getFoo","line":109,"loc":{"start":{"line":109,"column":4},"end":{"line":111,"column":4}}}},"statementMap":{"1":{"start":{"line":37,"column":8},"end":{"line":37,"column":1214}},"2":{"start":{"line":38,"column":12},"end":{"line":38,"column":25}},"3":{"start":{"line":40,"column":8},"end":{"line":40,"column":23}},"4":{"start":{"line":44,"column":8},"end":{"line":44,"column":1487}},"5":{"start":{"line":45,"column":12},"end":{"line":45,"column":25}},"6":{"start":{"line":47,"column":8},"end":{"line":47,"column":23}},"7":{"start":{"line":50,"column":8},"end":{"line":50,"column":1774}},"8":{"start":{"line":52,"column":11},"end":{"line":52,"column":18}},"9":{"start":{"line":54,"column":8},"end":{"line":54,"column":39}},"10":{"start":{"line":55,"column":8},"end":{"line":55,"column":37}},"11":{"start":{"line":56,"column":8},"end":{"line":56,"column":30}},"12":{"start":{"line":57,"column":8},"end":{"line":57,"column":19}},"13":{"start":{"line":61,"column":8},"end":{"line":61,"column":64}},"14":{"start":{"line":65,"column":8},"end":{"line":65,"column":2424}},"15":{"start":{"line":67,"column":11},"end":{"line":67,"column":18}},"16":{"start":{"line":69,"column":8},"end":{"line":69,"column":2586}},"17":{"start":{"line":70,"column":12},"end":{"line":70,"column":19}},"18":{"start":{"line":73,"column":8},"end":{"line":73,"column":60}},"19":{"start":{"line":74,"column":8},"end":{"line":74,"column":62}},"20":{"start":{"line":75,"column":8},"end":{"line":75,"column":74}},"21":{"start":{"line":76,"column":8},"end":{"line":76,"column":58}},"22":{"start":{"line":77,"column":8},"end":{"line":77,"column":66}},"23":{"start":{"line":78,"column":8},"end":{"line":78,"column":52}},"24":{"start":{"line":79,"column":8},"end":{"line":79,"column":50}},"25":{"start":{"line":80,"column":8},"end":{"line":80,"column":64}},"26":{"start":{"line":81,"column":8},"end":{"line":81,"column":16}},"27":{"start":{"line":84,"column":8},"end":{"line":84,"column":42}},"28":{"start":{"line":88,"column":8},"end":{"line":88,"column":48}},"29":{"start":{"line":92,"column":8},"end":{"line":92,"column":44}},"30":{"start":{"line":96,"column":8},"end":{"line":96,"column":4003}},"31":{"start":{"line":106,"column":8},"end":{"line":106,"column":20}},"32":{"start":{"line":110,"column":8},"end":{"line":110,"column":24}}},"branchMap":{"1":{"line":37,"type":"if","locations":[{"start":{"line":37,"column":8},"end":{"line":37,"column":8}},{"start":{"line":37,"column":8},"end":{"line":37,"column":8}}]},"2":{"line":44,"type":"if","locations":[{"start":{"line":44,"column":8},"end":{"line":44,"column":8}},{"start":{"line":44,"column":8},"end":{"line":44,"column":8}}]},"3":{"line":50,"type":"if","locations":[{"start":{"line":50,"column":8},"end":{"line":50,"column":8}},{"start":{"line":50,"column":8},"end":{"line":50,"column":8}}]},"4":{"line":65,"type":"if","locations":[{"start":{"line":65,"column":8},"end":{"line":65,"column":8}},{"start":{"line":65,"column":8},"end":{"line":65,"column":8}}]},"5":{"line":69,"type":"if","locations":[{"start":{"line":69,"column":8},"end":{"line":69,"column":8}},{"start":{"line":69,"column":8},"end":{"line":69,"column":8}}]}}}}