TN:
SF:/Users/blockchain/TAMATAR/BLOCKCHAIN/truffle-webapp/contracts/SmartContract.sol
FN:36,checkUserExistEmail
FN:43,verifyPdfHash
FN:49,register
FN:60,getInfo
FN:64,addPdfTxn
FN:83,getPDFList
FN:87,getPDFListBytes
FN:91,getPdfHashes
FN:95,getCompanyDetails
FN:105,sendFoo
FN:109,getFoo
FNF:11
FNH:0
FNDA:0,checkUserExistEmail
FNDA:0,verifyPdfHash
FNDA:0,register
FNDA:0,getInfo
FNDA:0,addPdfTxn
FNDA:0,getPDFList
FNDA:0,getPDFListBytes
FNDA:0,getPdfHashes
FNDA:0,getCompanyDetails
FNDA:0,sendFoo
FNDA:0,getFoo
DA:37,0
DA:38,0
DA:40,0
DA:44,0
DA:45,0
DA:47,0
DA:50,0
DA:52,0
DA:54,0
DA:55,0
DA:56,0
DA:57,0
DA:61,0
DA:65,0
DA:67,0
DA:69,0
DA:70,0
DA:73,0
DA:74,0
DA:75,0
DA:76,0
DA:77,0
DA:78,0
DA:79,0
DA:80,0
DA:81,0
DA:84,0
DA:88,0
DA:92,0
DA:96,0
DA:106,0
DA:110,0
LF:32
LH:0
BRDA:37,1,0,0
BRDA:37,1,1,0
BRDA:44,2,0,0
BRDA:44,2,1,0
BRDA:50,3,0,0
BRDA:50,3,1,0
BRDA:65,4,0,0
BRDA:65,4,1,0
BRDA:69,5,0,0
BRDA:69,5,1,0
BRF:10
BRH:0
end_of_record
